Line 47: Class WMPLibCtl.WindowsMediaPlayer of control wmp3 was not a loaded control class.
Line 80: Class WMPLibCtl.WindowsMediaPlayer of control wmp1 was not a loaded control class.
Line 54: The property name URL in wmp3 is invalid.
Line 55: The property name rate in wmp3 is invalid.
Line 56: The property name balance in wmp3 is invalid.
Line 57: The property name currentPosition in wmp3 is invalid.
Line 58: The property name defaultFrame in wmp3 is invalid.
Line 59: The property name playCount in wmp3 is invalid.
Line 60: The property name autoStart in wmp3 is invalid.
Line 61: The property name currentMarker in wmp3 is invalid.
Line 62: The property name invokeURLs in wmp3 is invalid.
Line 63: The property name baseURL in wmp3 is invalid.
Line 64: The property name volume in wmp3 is invalid.
Line 65: The property name mute in wmp3 is invalid.
Line 66: The property name uiMode in wmp3 is invalid.
Line 67: The property name stretchToFit in wmp3 is invalid.
Line 68: The property name windowlessVideo in wmp3 is invalid.
Line 70: The property name enableContextMenu in wmp3 is invalid.
Line 71: The property name fullScreen in wmp3 is invalid.
Line 72: The property name SAMIStyle in wmp3 is invalid.
Line 73: The property name SAMILang in wmp3 is invalid.
Line 74: The property name SAMIFilename in wmp3 is invalid.
Line 75: The property name captioningID in wmp3 is invalid.
Line 76: The property name enableErrorDialogs in wmp3 is invalid.
Line 77: The property name _cx in wmp3 is invalid.
Line 78: The property name _cy in wmp3 is invalid.
Line 87: The property name URL in wmp1 is invalid.
Line 88: The property name rate in wmp1 is invalid.
Line 89: The property name balance in wmp1 is invalid.
Line 90: The property name currentPosition in wmp1 is invalid.
Line 91: The property name defaultFrame in wmp1 is invalid.
Line 92: The property name playCount in wmp1 is invalid.
Line 93: The property name autoStart in wmp1 is invalid.
Line 94: The property name currentMarker in wmp1 is invalid.
Line 95: The property name invokeURLs in wmp1 is invalid.
Line 96: The property name baseURL in wmp1 is invalid.
Line 97: The property name volume in wmp1 is invalid.
Line 98: The property name mute in wmp1 is invalid.
Line 99: The property name uiMode in wmp1 is invalid.
Line 100: The property name stretchToFit in wmp1 is invalid.
Line 101: The property name windowlessVideo in wmp1 is invalid.
Line 103: The property name enableContextMenu in wmp1 is invalid.
Line 104: The property name fullScreen in wmp1 is invalid.
Line 105: The property name SAMIStyle in wmp1 is invalid.
Line 106: The property name SAMILang in wmp1 is invalid.
Line 107: The property name SAMIFilename in wmp1 is invalid.
Line 108: The property name captioningID in wmp1 is invalid.
Line 109: The property name enableErrorDialogs in wmp1 is invalid.
Line 110: The property name _cx in wmp1 is invalid.
Line 111: The property name _cy in wmp1 is invalid.
